<?xml version="1.0" encoding="UTF-8"?>
<!-- Generated by org.testng.reporters.JUnitReportReporter -->
<testsuite hostname="Rajeev" failures="0" tests="1" name="FirstProject.CartItemsValidation" time="2.608" errors="0" timestamp="2020-11-26T16:21:32 GMT" skipped="0">
  <testcase classname="FirstProject.CartItemsValidation" name="ValidateCart" time="2.608"/>
  <system-out/>
</testsuite> <!-- FirstProject.CartItemsValidation -->
