<?xml version="1.0" encoding="UTF-8"?>
<!-- Generated by org.testng.reporters.JUnitReportReporter -->
<testsuite hostname="Rajeev" failures="0" tests="1" name="FirstProject.testExtent" time="10.123" errors="0" timestamp="2020-11-26T15:20:33 GMT" skipped="0">
  <testcase classname="FirstProject.testExtent" name="InitialDemo" time="10.123"/>
  <system-out/>
</testsuite> <!-- FirstProject.testExtent -->
